2024-07-23 21:04:25:425 - [34minfo[39m: [34mApplication running on port: 3000[39m
2024-07-23 21:05:19:519 - [34minfo[39m: [34mApplication running on port: 3000[39m
2024-07-23 21:05:38:538 - [34minfo[39m: [34mConectou[39m
2024-07-23 21:05:38:538 - [34minfo[39m: [34mApplication running on port: 3000[39m
2024-07-23 21:05:58:558 - [34minfo[39m: [34mConectou[39m
2024-07-23 21:05:58:558 - [34minfo[39m: [34mApplication running on port: 3000[39m
2024-07-23 21:06:03:63 - [34minfo[39m: [34mConectou[39m
2024-07-23 21:06:03:63 - [34minfo[39m: [34mApplication running on port: 3000[39m
2024-07-23 21:06:10:610 - [31merror[39m: [31mError -  querySrv ENOTFOUND _mongodb._tcp.cluster0.mcamft.mongodb.net[39m
2024-07-23 21:06:10:610 - [34minfo[39m: [34mApplication running on port: 3000[39m
2024-07-23 21:06:15:615 - [34minfo[39m: [34mConectou[39m
2024-07-23 21:06:15:615 - [34minfo[39m: [34mApplication running on port: 3000[39m
2024-07-23 21:06:23:623 - [32minfo[39m: [32mConectou[39m
2024-07-23 21:06:23:623 - [32minfo[39m: [32mApplication running on port: 3000[39m
2024-07-23 21:06:59:659 - [32minfo[39m: [32mConectou[39m
2024-07-23 21:06:59:659 - [32minfo[39m: [32mApplication running on port: 3000[39m
2024-07-23 21:07:03:73 - [32minfo[39m: [32mConectou[39m
2024-07-23 21:07:03:73 - [32minfo[39m: [32mApplication running on port: 3000[39m
2024-07-23 21:07:05:75 - [32minfo[39m: [32mConectou[39m
2024-07-23 21:07:05:75 - [32minfo[39m: [32mApplication running on port: 3000[39m
2024-07-23 21:07:11:711 - [32minfo[39m: [32mConectou[39m
2024-07-23 21:07:11:711 - [32minfo[39m: [32mApplication running on port: 3000[39m
2024-07-23 21:07:14:714 - [32minfo[39m: [32mConectou[39m
2024-07-23 21:07:14:714 - [32minfo[39m: [32mApplication running on port: 3000[39m
2024-07-23 21:07:17:717 - [34minfo[39m: [34mConectou[39m
2024-07-23 21:07:17:717 - [34minfo[39m: [34mApplication running on port: 3000[39m
2024-07-23 21:07:25:725 - [32msucc[39m: [32mConectou[39m
2024-07-23 21:07:25:725 - [34minfo[39m: [34mApplication running on port: 3000[39m
2024-07-23 21:09:47:947 - [32minfo[39m: [32mConectou[39m
2024-07-23 21:09:47:947 - [32minfo[39m: [32mApplication running on port: 3000[39m
2024-07-24 13:36:12:3612 - [32minfo[39m: [32mConectou[39m
2024-07-24 13:36:12:3612 - [32minfo[39m: [32mApplication running on port: 3000[39m
2024-07-24 13:38:18:3818 - [32minfo[39m: [32mConectou[39m
2024-07-24 13:38:18:3818 - [32minfo[39m: [32mApplication running on port: 3000[39m
2024-07-24 13:38:30:3830 - [32minfo[39m: [32mConectou[39m
2024-07-24 13:38:30:3830 - [32minfo[39m: [32mApplication running on port: 3000[39m
2024-07-24 13:38:32:3832 - [32minfo[39m: [32mConectou[39m
2024-07-24 13:38:32:3832 - [32minfo[39m: [32mApplication running on port: 3000[39m
2024-07-24 13:38:35:3835 - [32minfo[39m: [32mConectou[39m
2024-07-24 13:38:35:3835 - [32minfo[39m: [32mApplication running on port: 3000[39m
2024-07-24 13:38:43:3843 - [32minfo[39m: [32mConectou[39m
2024-07-24 13:38:43:3843 - [32minfo[39m: [32mApplication running on port: 3000[39m
2024-07-24 13:38:45:3845 - [32minfo[39m: [32mConectou[39m
2024-07-24 13:38:45:3845 - [32minfo[39m: [32mApplication running on port: 3000[39m
2024-07-24 13:38:59:3859 - [32minfo[39m: [32mConectou[39m
2024-07-24 13:38:59:3859 - [32minfo[39m: [32mApplication running on port: 3000[39m
2024-07-24 13:39:30:3930 - [35mhttp[39m: [35mGET /api/test 200 11 - 2.144 ms[39m
[35m[39m
2024-07-24 13:45:11:4511 - [32minfo[39m: [32mConectou[39m
2024-07-24 13:45:11:4511 - [32minfo[39m: [32mApplication running on port: 3000[39m
2024-07-24 13:45:17:4517 - [32minfo[39m: [32mConectou[39m
2024-07-24 13:45:17:4517 - [32minfo[39m: [32mApplication running on port: 3000[39m
2024-07-24 13:45:29:4529 - [32minfo[39m: [32mConectou[39m
2024-07-24 13:45:29:4529 - [32minfo[39m: [32mApplication running on port: 3000[39m
2024-07-24 13:45:31:4531 - [32minfo[39m: [32mConectou[39m
2024-07-24 13:45:31:4531 - [32minfo[39m: [32mApplication running on port: 3000[39m
2024-07-24 13:46:33:4633 - [35mhttp[39m: [35mGET /api/movie 404 148 - 6.747 ms[39m
[35m[39m
2024-07-24 13:46:41:4641 - [35mhttp[39m: [35mPOST /api/movie 200 22 - 1.765 ms[39m
[35m[39m
2024-07-24 13:47:29:4729 - [32minfo[39m: [32mConectou[39m
2024-07-24 13:47:29:4729 - [32minfo[39m: [32mApplication running on port: 3000[39m
2024-07-24 13:47:34:4734 - [32minfo[39m: [32mConectou[39m
2024-07-24 13:47:34:4734 - [32minfo[39m: [32mApplication running on port: 3000[39m
2024-07-24 13:47:40:4740 - [32minfo[39m: [32mConectou[39m
2024-07-24 13:47:40:4740 - [32minfo[39m: [32mApplication running on port: 3000[39m
2024-07-24 13:47:48:4748 - [32minfo[39m: [32mConectou[39m
2024-07-24 13:47:48:4748 - [32minfo[39m: [32mApplication running on port: 3000[39m
2024-07-24 13:47:52:4752 - [32minfo[39m: [32mConectou[39m
2024-07-24 13:47:52:4752 - [32minfo[39m: [32mApplication running on port: 3000[39m
2024-07-24 13:47:57:4757 - [32minfo[39m: [32mConectou[39m
2024-07-24 13:47:57:4757 - [32minfo[39m: [32mApplication running on port: 3000[39m
2024-07-24 13:48:10:4810 - [32minfo[39m: [32mConectou[39m
2024-07-24 13:48:10:4810 - [32minfo[39m: [32mApplication running on port: 3000[39m
2024-07-24 13:48:11:4811 - [32minfo[39m: [32mConectou[39m
2024-07-24 13:48:11:4811 - [32minfo[39m: [32mApplication running on port: 3000[39m
2024-07-24 13:48:21:4821 - [32minfo[39m: [32mConectou[39m
2024-07-24 13:48:21:4821 - [32minfo[39m: [32mApplication running on port: 3000[39m
2024-07-24 13:48:23:4823 - [32minfo[39m: [32mConectou[39m
2024-07-24 13:48:23:4823 - [32minfo[39m: [32mApplication running on port: 3000[39m
2024-07-24 13:48:29:4829 - [32minfo[39m: [32mConectou[39m
2024-07-24 13:48:29:4829 - [32minfo[39m: [32mApplication running on port: 3000[39m
2024-07-24 13:48:40:4840 - [32minfo[39m: [32mConectou[39m
2024-07-24 13:48:40:4840 - [32minfo[39m: [32mApplication running on port: 3000[39m
2024-07-24 13:48:47:4847 - [32minfo[39m: [32mConectou[39m
2024-07-24 13:48:47:4847 - [32minfo[39m: [32mApplication running on port: 3000[39m
2024-07-24 13:49:26:4926 - [35mhttp[39m: [35mPOST /api/movie 201 155 - 50.841 ms[39m
[35m[39m
2024-07-24 13:58:02:582 - [32minfo[39m: [32mConectou[39m
2024-07-24 13:58:02:582 - [32minfo[39m: [32mApplication running on port: 3000[39m
2024-07-24 13:58:07:587 - [32minfo[39m: [32mConectou[39m
2024-07-24 13:58:07:587 - [32minfo[39m: [32mApplication running on port: 3000[39m
2024-07-24 13:58:15:5815 - [32minfo[39m: [32mConectou[39m
2024-07-24 13:58:15:5815 - [32minfo[39m: [32mApplication running on port: 3000[39m
2024-07-24 15:11:13:1113 - [32minfo[39m: [32mConectou[39m
2024-07-24 15:11:13:1113 - [32minfo[39m: [32mApplication running on port: 3000[39m
2024-07-24 15:11:52:1152 - [32minfo[39m: [32mConectou[39m
2024-07-24 15:11:52:1152 - [32minfo[39m: [32mApplication running on port: 3000[39m
2024-07-24 15:11:59:1159 - [35mhttp[39m: [35mPOST /api/movie 422 13 - 5.766 ms[39m
[35m[39m
2024-07-24 15:12:24:1224 - [32minfo[39m: [32mConectou[39m
2024-07-24 15:12:24:1224 - [32minfo[39m: [32mApplication running on port: 3000[39m
2024-07-24 15:12:25:1225 - [35mhttp[39m: [35mPOST /api/movie 422 13 - 4.686 ms[39m
[35m[39m
2024-07-24 15:12:59:1259 - [32minfo[39m: [32mConectou[39m
2024-07-24 15:12:59:1259 - [32minfo[39m: [32mApplication running on port: 3000[39m
2024-07-24 15:13:06:136 - [32minfo[39m: [32mConectou[39m
2024-07-24 15:13:06:136 - [32minfo[39m: [32mApplication running on port: 3000[39m
2024-07-24 15:13:10:1310 - [32minfo[39m: [32mConectou[39m
2024-07-24 15:13:10:1310 - [32minfo[39m: [32mApplication running on port: 3000[39m
2024-07-24 15:13:23:1323 - [32minfo[39m: [32mConectou[39m
2024-07-24 15:13:23:1323 - [32minfo[39m: [32mApplication running on port: 3000[39m
2024-07-24 15:13:24:1324 - [35mhttp[39m: [35mPOST /api/movie 422 13 - 8.170 ms[39m
[35m[39m
2024-07-24 15:13:53:1353 - [32minfo[39m: [32mConectou[39m
2024-07-24 15:13:53:1353 - [32minfo[39m: [32mApplication running on port: 3000[39m
2024-07-24 15:13:57:1357 - [32minfo[39m: [32mConectou[39m
2024-07-24 15:13:57:1357 - [32minfo[39m: [32mApplication running on port: 3000[39m
2024-07-24 15:14:03:143 - [32minfo[39m: [32mConectou[39m
2024-07-24 15:14:03:143 - [32minfo[39m: [32mApplication running on port: 3000[39m
2024-07-24 15:14:11:1411 - [32minfo[39m: [32mConectou[39m
2024-07-24 15:14:11:1411 - [32minfo[39m: [32mApplication running on port: 3000[39m
2024-07-24 15:14:22:1422 - [32minfo[39m: [32mConectou[39m
2024-07-24 15:14:22:1422 - [32minfo[39m: [32mApplication running on port: 3000[39m
2024-07-24 15:14:31:1431 - [32minfo[39m: [32mConectou[39m
2024-07-24 15:14:31:1431 - [32minfo[39m: [32mApplication running on port: 3000[39m
2024-07-24 15:14:34:1434 - [32minfo[39m: [32mConectou[39m
2024-07-24 15:14:34:1434 - [32minfo[39m: [32mApplication running on port: 3000[39m
2024-07-24 15:14:48:1448 - [32minfo[39m: [32mConectou[39m
2024-07-24 15:14:48:1448 - [32minfo[39m: [32mApplication running on port: 3000[39m
2024-07-24 15:14:50:1450 - [32minfo[39m: [32mConectou[39m
2024-07-24 15:14:50:1450 - [32minfo[39m: [32mApplication running on port: 3000[39m
2024-07-24 15:15:13:1513 - [32minfo[39m: [32mConectou[39m
2024-07-24 15:15:13:1513 - [32minfo[39m: [32mApplication running on port: 3000[39m
2024-07-24 15:15:17:1517 - [32minfo[39m: [32mConectou[39m
2024-07-24 15:15:17:1517 - [32minfo[39m: [32mApplication running on port: 3000[39m
2024-07-24 15:15:23:1523 - [32minfo[39m: [32mConectou[39m
2024-07-24 15:15:23:1523 - [32minfo[39m: [32mApplication running on port: 3000[39m
2024-07-24 15:15:31:1531 - [32minfo[39m: [32mConectou[39m
2024-07-24 15:15:31:1531 - [32minfo[39m: [32mApplication running on port: 3000[39m
2024-07-24 15:15:38:1538 - [32minfo[39m: [32mConectou[39m
2024-07-24 15:15:38:1538 - [32minfo[39m: [32mApplication running on port: 3000[39m
2024-07-24 15:15:49:1549 - [32minfo[39m: [32mConectou[39m
2024-07-24 15:15:49:1549 - [32minfo[39m: [32mApplication running on port: 3000[39m
2024-07-24 15:15:58:1558 - [35mhttp[39m: [35mPOST /api/movie 422 13 - 7.152 ms[39m
[35m[39m
2024-07-24 15:16:21:1621 - [35mhttp[39m: [35mPOST /api/movie 422 13 - 1.373 ms[39m
[35m[39m
2024-07-24 15:16:30:1630 - [32minfo[39m: [32mConectou[39m
2024-07-24 15:16:30:1630 - [32minfo[39m: [32mApplication running on port: 3000[39m
2024-07-24 15:16:32:1632 - [32minfo[39m: [32mConectou[39m
2024-07-24 15:16:32:1632 - [32minfo[39m: [32mApplication running on port: 3000[39m
2024-07-24 15:16:32:1632 - [35mhttp[39m: [35mPOST /api/movie 201 193 - 57.604 ms[39m
[35m[39m
2024-07-24 15:16:39:1639 - [32minfo[39m: [32mConectou[39m
2024-07-24 15:16:39:1639 - [32minfo[39m: [32mApplication running on port: 3000[39m
2024-07-24 15:17:06:176 - [32minfo[39m: [32mConectou[39m
2024-07-24 15:17:06:176 - [32minfo[39m: [32mApplication running on port: 3000[39m
2024-07-24 15:17:24:1724 - [32minfo[39m: [32mConectou[39m
2024-07-24 15:17:24:1724 - [32minfo[39m: [32mApplication running on port: 3000[39m
2024-07-24 15:17:28:1728 - [32minfo[39m: [32mConectou[39m
2024-07-24 15:17:28:1728 - [32minfo[39m: [32mApplication running on port: 3000[39m
2024-07-24 15:17:37:1737 - [32minfo[39m: [32mConectou[39m
2024-07-24 15:17:37:1737 - [32minfo[39m: [32mApplication running on port: 3000[39m
2024-07-24 15:17:39:1739 - [32minfo[39m: [32mConectou[39m
2024-07-24 15:17:39:1739 - [32minfo[39m: [32mApplication running on port: 3000[39m
2024-07-24 15:17:40:1740 - [32minfo[39m: [32mConectou[39m
2024-07-24 15:17:40:1740 - [32minfo[39m: [32mApplication running on port: 3000[39m
